mode: set
github.com/victorhcamacho/backpack-bcgow6-victor-martinez/GoTesting/practicasC2/GoWeb/internal/products/repository.go:42.47,44.2 1 1
github.com/victorhcamacho/backpack-bcgow6-victor-martinez/GoTesting/practicasC2/GoWeb/internal/products/repository.go:51.58,54.44 2 1
github.com/victorhcamacho/backpack-bcgow6-victor-martinez/GoTesting/practicasC2/GoWeb/internal/products/repository.go:58.2,60.8 2 1
github.com/victorhcamacho/backpack-bcgow6-victor-martinez/GoTesting/practicasC2/GoWeb/internal/products/repository.go:54.44,56.3 1 1
github.com/victorhcamacho/backpack-bcgow6-victor-martinez/GoTesting/practicasC2/GoWeb/internal/products/repository.go:63.61,65.42 1 1
github.com/victorhcamacho/backpack-bcgow6-victor-martinez/GoTesting/practicasC2/GoWeb/internal/products/repository.go:69.2,69.8 1 1
github.com/victorhcamacho/backpack-bcgow6-victor-martinez/GoTesting/practicasC2/GoWeb/internal/products/repository.go:65.42,67.3 1 1
github.com/victorhcamacho/backpack-bcgow6-victor-martinez/GoTesting/practicasC2/GoWeb/internal/products/repository.go:72.66,75.44 2 1
github.com/victorhcamacho/backpack-bcgow6-victor-martinez/GoTesting/practicasC2/GoWeb/internal/products/repository.go:79.2,81.20 2 1
github.com/victorhcamacho/backpack-bcgow6-victor-martinez/GoTesting/practicasC2/GoWeb/internal/products/repository.go:85.2,85.8 1 1
github.com/victorhcamacho/backpack-bcgow6-victor-martinez/GoTesting/practicasC2/GoWeb/internal/products/repository.go:75.44,77.3 1 0
github.com/victorhcamacho/backpack-bcgow6-victor-martinez/GoTesting/practicasC2/GoWeb/internal/products/repository.go:81.20,83.3 1 1
github.com/victorhcamacho/backpack-bcgow6-victor-martinez/GoTesting/practicasC2/GoWeb/internal/products/repository.go:88.102,91.44 2 1
github.com/victorhcamacho/backpack-bcgow6-victor-martinez/GoTesting/practicasC2/GoWeb/internal/products/repository.go:95.2,98.45 3 1
github.com/victorhcamacho/backpack-bcgow6-victor-martinez/GoTesting/practicasC2/GoWeb/internal/products/repository.go:102.2,102.8 1 1
github.com/victorhcamacho/backpack-bcgow6-victor-martinez/GoTesting/practicasC2/GoWeb/internal/products/repository.go:91.44,93.3 1 0
github.com/victorhcamacho/backpack-bcgow6-victor-martinez/GoTesting/practicasC2/GoWeb/internal/products/repository.go:98.45,100.3 1 1
github.com/victorhcamacho/backpack-bcgow6-victor-martinez/GoTesting/practicasC2/GoWeb/internal/products/repository.go:105.104,108.44 2 1
github.com/victorhcamacho/backpack-bcgow6-victor-martinez/GoTesting/practicasC2/GoWeb/internal/products/repository.go:112.2,114.15 2 1
github.com/victorhcamacho/backpack-bcgow6-victor-martinez/GoTesting/practicasC2/GoWeb/internal/products/repository.go:119.2,123.45 3 1
github.com/victorhcamacho/backpack-bcgow6-victor-martinez/GoTesting/practicasC2/GoWeb/internal/products/repository.go:127.2,127.8 1 1
github.com/victorhcamacho/backpack-bcgow6-victor-martinez/GoTesting/practicasC2/GoWeb/internal/products/repository.go:108.44,110.3 1 0
github.com/victorhcamacho/backpack-bcgow6-victor-martinez/GoTesting/practicasC2/GoWeb/internal/products/repository.go:114.15,117.3 2 1
github.com/victorhcamacho/backpack-bcgow6-victor-martinez/GoTesting/practicasC2/GoWeb/internal/products/repository.go:123.45,125.3 1 0
github.com/victorhcamacho/backpack-bcgow6-victor-martinez/GoTesting/practicasC2/GoWeb/internal/products/repository.go:130.105,133.44 2 1
github.com/victorhcamacho/backpack-bcgow6-victor-martinez/GoTesting/practicasC2/GoWeb/internal/products/repository.go:137.2,139.15 2 1
github.com/victorhcamacho/backpack-bcgow6-victor-martinez/GoTesting/practicasC2/GoWeb/internal/products/repository.go:144.2,151.45 5 1
github.com/victorhcamacho/backpack-bcgow6-victor-martinez/GoTesting/practicasC2/GoWeb/internal/products/repository.go:155.2,155.8 1 1
github.com/victorhcamacho/backpack-bcgow6-victor-martinez/GoTesting/practicasC2/GoWeb/internal/products/repository.go:133.44,135.3 1 0
github.com/victorhcamacho/backpack-bcgow6-victor-martinez/GoTesting/practicasC2/GoWeb/internal/products/repository.go:139.15,142.3 2 1
github.com/victorhcamacho/backpack-bcgow6-victor-martinez/GoTesting/practicasC2/GoWeb/internal/products/repository.go:151.45,153.3 1 0
github.com/victorhcamacho/backpack-bcgow6-victor-martinez/GoTesting/practicasC2/GoWeb/internal/products/repository.go:158.49,161.44 2 1
github.com/victorhcamacho/backpack-bcgow6-victor-martinez/GoTesting/practicasC2/GoWeb/internal/products/repository.go:165.2,167.15 2 1
github.com/victorhcamacho/backpack-bcgow6-victor-martinez/GoTesting/practicasC2/GoWeb/internal/products/repository.go:171.2,173.45 2 1
github.com/victorhcamacho/backpack-bcgow6-victor-martinez/GoTesting/practicasC2/GoWeb/internal/products/repository.go:177.2,177.8 1 1
github.com/victorhcamacho/backpack-bcgow6-victor-martinez/GoTesting/practicasC2/GoWeb/internal/products/repository.go:161.44,163.3 1 0
github.com/victorhcamacho/backpack-bcgow6-victor-martinez/GoTesting/practicasC2/GoWeb/internal/products/repository.go:167.15,170.3 2 1
github.com/victorhcamacho/backpack-bcgow6-victor-martinez/GoTesting/practicasC2/GoWeb/internal/products/repository.go:173.45,175.3 1 0
github.com/victorhcamacho/backpack-bcgow6-victor-martinez/GoTesting/practicasC2/GoWeb/internal/products/repository.go:180.72,182.30 1 1
github.com/victorhcamacho/backpack-bcgow6-victor-martinez/GoTesting/practicasC2/GoWeb/internal/products/repository.go:190.2,190.8 1 1
github.com/victorhcamacho/backpack-bcgow6-victor-martinez/GoTesting/practicasC2/GoWeb/internal/products/repository.go:182.30,183.18 1 1
github.com/victorhcamacho/backpack-bcgow6-victor-martinez/GoTesting/practicasC2/GoWeb/internal/products/repository.go:183.18,186.9 3 1
github.com/victorhcamacho/backpack-bcgow6-victor-martinez/GoTesting/practicasC2/GoWeb/internal/products/service.go:16.39,18.2 1 1
github.com/victorhcamacho/backpack-bcgow6-victor-martinez/GoTesting/practicasC2/GoWeb/internal/products/service.go:20.47,22.2 1 0
github.com/victorhcamacho/backpack-bcgow6-victor-martinez/GoTesting/practicasC2/GoWeb/internal/products/service.go:24.52,26.2 1 0
github.com/victorhcamacho/backpack-bcgow6-victor-martinez/GoTesting/practicasC2/GoWeb/internal/products/service.go:28.80,32.14 2 0
github.com/victorhcamacho/backpack-bcgow6-victor-martinez/GoTesting/practicasC2/GoWeb/internal/products/service.go:36.2,38.57 2 0
github.com/victorhcamacho/backpack-bcgow6-victor-martinez/GoTesting/practicasC2/GoWeb/internal/products/service.go:32.14,34.3 1 0
github.com/victorhcamacho/backpack-bcgow6-victor-martinez/GoTesting/practicasC2/GoWeb/internal/products/service.go:41.90,43.2 1 1
github.com/victorhcamacho/backpack-bcgow6-victor-martinez/GoTesting/practicasC2/GoWeb/internal/products/service.go:45.91,47.2 1 0
github.com/victorhcamacho/backpack-bcgow6-victor-martinez/GoTesting/practicasC2/GoWeb/internal/products/service.go:49.40,51.2 1 1
github.com/victorhcamacho/backpack-bcgow6-victor-martinez/GoTesting/practicasC2/GoWeb/internal/products/store_mock.go:10.53,12.27 1 1
github.com/victorhcamacho/backpack-bcgow6-victor-martinez/GoTesting/practicasC2/GoWeb/internal/products/store_mock.go:16.2,21.12 4 1
github.com/victorhcamacho/backpack-bcgow6-victor-martinez/GoTesting/practicasC2/GoWeb/internal/products/store_mock.go:12.27,14.3 1 1
github.com/victorhcamacho/backpack-bcgow6-victor-martinez/GoTesting/practicasC2/GoWeb/internal/products/store_mock.go:24.54,26.28 1 1
github.com/victorhcamacho/backpack-bcgow6-victor-martinez/GoTesting/practicasC2/GoWeb/internal/products/store_mock.go:30.2,34.12 3 1
github.com/victorhcamacho/backpack-bcgow6-victor-martinez/GoTesting/practicasC2/GoWeb/internal/products/store_mock.go:26.28,28.3 1 1
